<?xml version="1.0" encoding="UTF-8"?>
<!-- Generated by org.testng.reporters.JUnitReportReporter -->
<testsuite hostname="valentinedeMacBook-Pro.local" name="com.test.Test_GetCPU" tests="1" failures="0" timestamp="1 Jul 2017 05:09:23 GMT" time="0.086" errors="0">
  <testcase name="testGetCPU" time="0.086" classname="com.test.Test_GetCPU"/>
</testsuite> <!-- com.test.Test_GetCPU -->
