<?xml version="1.0" encoding="UTF-8"?>
<!-- Generated by org.testng.reporters.JUnitReportReporter -->
<testsuite hostname="valentinedeMacBook-Pro.local" name="com.test.Test_Time" tests="1" failures="0" timestamp="1 Jul 2017 05:26:53 GMT" time="0.059" errors="0">
  <testcase name="testTime" time="0.059" classname="com.test.Test_Time"/>
</testsuite> <!-- com.test.Test_Time -->
