<?xml version="1.0" encoding="UTF-8"?>
<!-- Generated by org.testng.reporters.JUnitReportReporter -->
<testsuite hostname="valentinedeMacBook-Pro.local" name="com.test.Test_Login" tests="1" failures="0" timestamp="1 Jul 2017 08:00:29 GMT" time="0.193" errors="0">
  <testcase name="Test_login" time="0.193" classname="com.test.Test_Login"/>
</testsuite> <!-- com.test.Test_Login -->
